<?xml version="1.0" encoding="UTF-8"?>
<!-- Generated by org.testng.reporters.JUnitXMLReporter -->
<testsuite ignored="0" hostname="Nikhil" failures="0" tests="1" name="Test-Runner-Firefox" time="186.787" errors="0" timestamp="2021-08-25T09:33:50 IST">
  <testcase classname="com.vtiger.comcast.leadtest.Create_Lead_Invalid_Cred_3" name="createLead3" time="132.111"/>
</testsuite> <!-- Test-Runner-Firefox -->
