<?xml version="1.0" encoding="UTF-8"?>
<!-- Generated by org.testng.reporters.JUnitXMLReporter -->
<testsuite ignored="0" hostname="Nikhil" failures="0" tests="1" name="Test-Runner-Chrome" time="186.34" errors="0" timestamp="2021-08-25T09:33:49 IST">
  <testcase classname="com.vtiger.comcast.leadtest.Create_Lead_Invalid_Cred_2" name="createLead2" time="71.266"/>
</testsuite> <!-- Test-Runner-Chrome -->
