<?xml version="1.0" encoding="UTF-8"?>
<!-- Generated by org.testng.reporters.JUnitReportReporter -->
<testsuite hostname="Nikhil" failures="0" tests="2" name="practice.CreateOrg" time="54.143" errors="0" timestamp="2021-08-25T21:11:19 IST" skipped="0">
  <testcase classname="practice.CreateOrg" name="orgText" time="35.428"/>
  <system-out/>
  <testcase classname="practice.CreateOrg" name="organization" time="18.715"/>
  <system-out/>
</testsuite> <!-- practice.CreateOrg -->
