<?xml version="1.0" encoding="UTF-8"?>
<!-- Generated by org.testng.reporters.JUnitReportReporter -->
<testsuite hostname="Nikhil" failures="0" tests="1" name="practice.P2" time="50.675" errors="0" timestamp="2021-08-23T22:56:20 IST" skipped="0">
  <testcase classname="practice.P2" name="testing1m" time="50.675"/>
  <system-out/>
</testsuite> <!-- practice.P2 -->
