<?xml version="1.0" encoding="UTF-8"?>
<!-- Generated by org.testng.reporters.JUnitReportReporter -->
<testsuite hostname="Nikhil" failures="0" tests="5" name="com.vtiger.comcast.leadtest.LeadTest" time="0.026" errors="0" timestamp="2021-08-28T11:03:25 IST" skipped="0">
  <testcase classname="com.vtiger.comcast.leadtest.LeadTest" name="kbcTest" time="0.005"/>
  <system-out/>
  <testcase classname="com.vtiger.comcast.leadtest.LeadTest" name="kbcTest" time="0.008"/>
  <system-out/>
  <testcase classname="com.vtiger.comcast.leadtest.LeadTest" name="kbcTest" time="0.003"/>
  <system-out/>
  <testcase classname="com.vtiger.comcast.leadtest.LeadTest" name="kbcTest" time="0.005"/>
  <system-out/>
  <testcase classname="com.vtiger.comcast.leadtest.LeadTest" name="kbcTest" time="0.005"/>
  <system-out/>
</testsuite> <!-- com.vtiger.comcast.leadtest.LeadTest -->
