<?xml version="1.0" encoding="UTF-8"?>
<!-- Generated by org.testng.reporters.JUnitReportReporter -->
<testsuite hostname="Nikhil" failures="0" tests="1" name="com.vtiger.comcast.pomrepositylib.Demo" time="0.017" errors="0" timestamp="2021-08-19T17:52:48 IST" skipped="0">
  <testcase classname="com.vtiger.comcast.pomrepositylib.Demo" name="add" time="0.017"/>
  <system-out/>
</testsuite> <!-- com.vtiger.comcast.pomrepositylib.Demo -->
