<?xml version="1.0" encoding="UTF-8"?>
<!-- Generated by org.testng.reporters.JUnitReportReporter -->
<testsuite hostname="Nikhil" failures="0" tests="1" name="com.vtiger.comcast.leadtest.P1" time="29.901" errors="0" timestamp="2021-08-28T12:19:20 IST" skipped="0">
  <testcase classname="com.vtiger.comcast.leadtest.P1" name="mrp" time="29.901"/>
  <system-out/>
</testsuite> <!-- com.vtiger.comcast.leadtest.P1 -->
