<?xml version="1.0" encoding="UTF-8"?>
<!-- Generated by org.testng.reporters.JUnitReportReporter -->
<testsuite hostname="Nikhil" failures="0" tests="3" name="com.vtiger.comcast.leadtest.Create_Lead_Invalid_Cred_1" time="155.640" errors="0" timestamp="2021-08-24T13:57:26 IST" skipped="0">
  <testcase classname="com.vtiger.comcast.leadtest.Create_Lead_Invalid_Cred_1" name="createLead1" time="38.584"/>
  <system-out/>
  <testcase classname="com.vtiger.comcast.leadtest.Create_Lead_Invalid_Cred_1" name="createLeadInvalidcred3" time="59.339"/>
  <system-out/>
  <testcase classname="com.vtiger.comcast.leadtest.Create_Lead_Invalid_Cred_1" name="createLeadwithInalid2Test" time="57.717"/>
  <system-out/>
</testsuite> <!-- com.vtiger.comcast.leadtest.Create_Lead_Invalid_Cred_1 -->
